
main.o:     file format elf32-avr

Sections:
Idx Name          Size      VMA       LMA       File off  Algn
  0 .text         0000000e  00000000  00000000  00000034  2**0
                  CONTENTS, ALLOC, LOAD, RELOC, READONLY, CODE
  1 .data         00000000  00000000  00000000  00000042  2**0
                  CONTENTS, ALLOC, LOAD, DATA
  2 .bss          00000000  00000000  00000000  00000042  2**0
                  ALLOC
  3 .text.startup 00000016  00000000  00000000  00000042  2**0
                  CONTENTS, ALLOC, LOAD, RELOC, READONLY, CODE
  4 .fuse         00000002  00000000  00000000  00000058  2**0
                  CONTENTS, ALLOC, LOAD, DATA
  5 .debug_info   000001ee  00000000  00000000  0000005a  2**0
                  CONTENTS, RELOC, READONLY, DEBUGGING
  6 .debug_abbrev 00000118  00000000  00000000  00000248  2**0
                  CONTENTS, READONLY, DEBUGGING
  7 .debug_aranges 00000028  00000000  00000000  00000360  2**0
                  CONTENTS, RELOC, READONLY, DEBUGGING
  8 .debug_ranges 00000018  00000000  00000000  00000388  2**0
                  CONTENTS, RELOC, READONLY, DEBUGGING
  9 .debug_line   000000a8  00000000  00000000  000003a0  2**0
                  CONTENTS, RELOC, READONLY, DEBUGGING
 10 .debug_str    0000016e  00000000  00000000  00000448  2**0
                  CONTENTS, READONLY, DEBUGGING
 11 .comment      00000031  00000000  00000000  000005b6  2**0
                  CONTENTS, READONLY
 12 .debug_frame  00000064  00000000  00000000  000005e8  2**2
                  CONTENTS, RELOC, READONLY, DEBUGGING

Disassembly of section .text:

00000000 <MAIN_1s>:
/*      mm-dd-yyyy                                                       */
/*                                                                       */
/*************************************************************************/
void MAIN_1s(void)
{
  APPL_1s();
   0:	0c 94 00 00 	jmp	0	; 0x0 <MAIN_1s>

00000004 <MAIN_100ms>:
/*      mm-dd-yyyy                                                       */
/*                                                                       */
/*************************************************************************/
void MAIN_100ms(void)
{
  APPL_100ms();
   4:	0c 94 00 00 	jmp	0	; 0x0 <MAIN_1s>

00000008 <MAIN_1ms>:
/*      mm-dd-yyyy                                                       */
/*                                                                       */
/*************************************************************************/
void MAIN_1ms(void)
{
  APPL_1ms();
   8:	0c 94 00 00 	jmp	0	; 0x0 <MAIN_1s>

0000000c <MAIN_fast>:
/*        DATE          REMARKS                                          */
/*      mm-dd-yyyy                                                       */
/*                                                                       */
/*************************************************************************/
void MAIN_fast(void)
{
   c:	08 95       	ret

Disassembly of section .text.startup:

00000000 <main>:
/*      mm-dd-yyyy                                                       */
/*                                                                       */
/*************************************************************************/
void MAIN_1s(void)
{
  APPL_1s();
   0:	0e 94 00 00 	call	0	; 0x0 <main>
/*      mm-dd-yyyy                                                       */
/*                                                                       */
/*************************************************************************/
void MAIN_100ms(void)
{
  APPL_100ms();
   4:	0e 94 00 00 	call	0	; 0x0 <main>
/*      mm-dd-yyyy                                                       */
/*                                                                       */
/*************************************************************************/
void MAIN_1ms(void)
{
  APPL_1ms();
   8:	0e 94 00 00 	call	0	; 0x0 <main>
/*        DATE          REMARKS                                          */
/*      mm-dd-yyyy                                                       */
/*                                                                       */
/*************************************************************************/
void MAIN_fast(void)
{
   c:	0e 94 00 00 	call	0	; 0x0 <main>
/*************************************************************************/
long ttt;
int main(void)
{
  /**** SYS_init should be the first action in main ****/
  SYS_init();
  10:	0e 94 00 00 	call	0	; 0x0 <main>
 
  APPL_Init();
  14:	00 c0       	rjmp	.+0      	; 0x16 <MAIN_fast+0xa>
